<?xml version="1.0" encoding="UTF-8"?>
<!-- Generated by org.testng.reporters.JUnitReportReporter -->
<testsuite hostname="dimuth-ThinkPad-X1-Carbon-5th"
           name="org.wso2.carbon.identity.application.authenticator.sessionauth.test.AuthenticatorUtilTest" tests="3"
           failures="0" timestamp="12 May 2018 04:53:43 GMT" time="0.254" errors="0">
    <testcase name="testSetAuthorizationHeader" time="0.004"
              classname="org.wso2.carbon.identity.application.authenticator.sessionauth.test.AuthenticatorUtilTest"/>
    <testcase name="testGetSessionDetails" time="0.246"
              classname="org.wso2.carbon.identity.application.authenticator.sessionauth.test.AuthenticatorUtilTest"/>
    <testcase name="testGetQuery" time="0.004"
              classname="org.wso2.carbon.identity.application.authenticator.sessionauth.test.AuthenticatorUtilTest"/>
</testsuite> <!-- org.wso2.carbon.identity.application.authenticator.sessionauth.test.AuthenticatorUtilTest -->
